# JRE version: OpenJDK Runtime Environment (11.0.12+7) (build 11.0.12+7-b1504.28-7817840)
# Java VM: OpenJDK 64-Bit Server VM (11.0.12+7-b1504.28-7817840, mixed mode, tiered, compressed oops, g1 gc, windows-amd64)
Heap:
 garbage-first heap   total 92160K, used 59247K [0x0000000080000000, 0x0000000100000000)
  region size 1024K, 10 young (10240K), 2 survivors (2048K)
 Metaspace       used 46597K, capacity 47744K, committed 47872K, reserved 1091584K
  class space    used 5929K, capacity 6364K, committed 6400K, reserved 1048576K
GC Heap History (20 events):
Event: 16.185 GC heap before
{Heap before GC invocations=17 (full 0):
 garbage-first heap   total 63488K, used 49161K [0x0000000080000000, 0x0000000100000000)
  region size 1024K, 16 young (16384K), 2 survivors (2048K)
 Metaspace       used 37387K, capacity 38288K, committed 38656K, reserved 1083392K
  class space    used 4904K, capacity 5254K, committed 5376K, reserved 1048576K
}
Event: 16.194 GC heap after
{Heap after GC invocations=18 (full 0):
 garbage-first heap   total 63488K, used 37895K [0x0000000080000000, 0x0000000100000000)
  region size 1024K, 2 young (2048K), 2 survivors (2048K)
 Metaspace       used 37387K, capacity 38288K, committed 38656K, reserved 1083392K
  class space    used 4904K, capacity 5254K, committed 5376K, reserved 1048576K
}
Event: 16.611 GC heap before
{Heap before GC invocations=18 (full 0):
 garbage-first heap   total 63488K, used 50183K [0x0000000080000000, 0x0000000100000000)
  region size 1024K, 15 young (15360K), 2 survivors (2048K)
 Metaspace       used 39295K, capacity 40281K, committed 40320K, reserved 1083392K
  class space    used 5100K, capacity 5491K, committed 5504K, reserved 1048576K
}
Event: 16.623 GC heap after
{Heap after GC invocations=19 (full 0):
 garbage-first heap   total 63488K, used 39697K [0x0000000080000000, 0x0000000100000000)
  region size 1024K, 2 young (2048K), 2 survivors (2048K)
 Metaspace       used 39295K, capacity 40281K, committed 40320K, reserved 1083392K
  class space    used 5100K, capacity 5491K, committed 5504K, reserved 1048576K
}
Event: 16.710 GC heap before
{Heap before GC invocations=19 (full 0):
 garbage-first heap   total 63488K, used 50961K [0x0000000080000000, 0x0000000100000000)
  region size 1024K, 13 young (13312K), 2 survivors (2048K)
 Metaspace       used 39307K, capacity 40345K, committed 40576K, reserved 1085440K
  class space    used 5100K, capacity 5491K, committed 5504K, reserved 1048576K
}
Event: 16.715 GC heap after
{Heap after GC invocations=20 (full 0):
 garbage-first heap   total 63488K, used 40570K [0x0000000080000000, 0x0000000100000000)
  region size 1024K, 2 young (2048K), 2 survivors (2048K)
 Metaspace       used 39307K, capacity 40345K, committed 40576K, reserved 1085440K
  class space    used 5100K, capacity 5491K, committed 5504K, reserved 1048576K
}
Event: 16.898 GC heap before
{Heap before GC invocations=21 (full 0):
 garbage-first heap   total 63488K, used 50810K [0x0000000080000000, 0x0000000100000000)
  region size 1024K, 12 young (12288K), 2 survivors (2048K)
 Metaspace       used 39674K, capacity 40660K, committed 40960K, reserved 1085440K
  class space    used 5146K, capacity 5528K, committed 5632K, reserved 1048576K
}
Event: 16.903 GC heap after
{Heap after GC invocations=22 (full 0):
 garbage-first heap   total 63488K, used 41907K [0x0000000080000000, 0x0000000100000000)
  region size 1024K, 2 young (2048K), 2 survivors (2048K)
 Metaspace       used 39674K, capacity 40660K, committed 40960K, reserved 1085440K
  class space    used 5146K, capacity 5528K, committed 5632K, reserved 1048576K
}
Event: 16.940 GC heap before
{Heap before GC invocations=22 (full 0):
 garbage-first heap   total 63488K, used 42931K [0x0000000080000000, 0x0000000100000000)
  region size 1024K, 5 young (5120K), 2 survivors (2048K)
 Metaspace       used 39814K, capacity 40788K, committed 40960K, reserved 1085440K
  class space    used 5154K, capacity 5528K, committed 5632K, reserved 1048576K
}
Event: 16.944 GC heap after
{Heap after GC invocations=23 (full 0):
 garbage-first heap   total 76800K, used 42613K [0x0000000080000000, 0x0000000100000000)
  region size 1024K, 1 young (1024K), 1 survivors (1024K)
 Metaspace       used 39814K, capacity 40788K, committed 40960K, reserved 1085440K
  class space    used 5154K, capacity 5528K, committed 5632K, reserved 1048576K
}
Event: 17.944 GC heap before
{Heap before GC invocations=24 (full 0):
 garbage-first heap   total 76800K, used 61045K [0x0000000080000000, 0x0000000100000000)
  region size 1024K, 17 young (17408K), 1 survivors (1024K)
 Metaspace       used 42096K, capacity 43168K, committed 43520K, reserved 1087488K
  class space    used 5380K, capacity 5764K, committed 5888K, reserved 1048576K
}
Event: 17.951 GC heap after
{Heap after GC invocations=25 (full 0):
 garbage-first heap   total 76800K, used 42955K [0x0000000080000000, 0x0000000100000000)
  region size 1024K, 2 young (2048K), 2 survivors (2048K)
 Metaspace       used 42096K, capacity 43168K, committed 43520K, reserved 1087488K
  class space    used 5380K, capacity 5764K, committed 5888K, reserved 1048576K
}
Event: 18.351 GC heap before
{Heap before GC invocations=25 (full 0):
 garbage-first heap   total 76800K, used 59339K [0x0000000080000000, 0x0000000100000000)
  region size 1024K, 18 young (18432K), 2 survivors (2048K)
 Metaspace       used 43444K, capacity 44538K, committed 44672K, reserved 1087488K
  class space    used 5582K, capacity 5989K, committed 6016K, reserved 1048576K
}
Event: 18.357 GC heap after
{Heap after GC invocations=26 (full 0):
 garbage-first heap   total 76800K, used 43399K [0x0000000080000000, 0x0000000100000000)
  region size 1024K, 2 young (2048K), 2 survivors (2048K)
 Metaspace       used 43444K, capacity 44538K, committed 44672K, reserved 1087488K
  class space    used 5582K, capacity 5989K, committed 6016K, reserved 1048576K
}
Event: 18.991 GC heap before
{Heap before GC invocations=27 (full 0):
 garbage-first heap   total 76800K, used 54663K [0x0000000080000000, 0x0000000100000000)
  region size 1024K, 14 young (14336K), 2 survivors (2048K)
 Metaspace       used 44101K, capacity 45245K, committed 45312K, reserved 1089536K
  class space    used 5682K, capacity 6090K, committed 6144K, reserved 1048576K
}
Event: 19.003 GC heap after
{Heap after GC invocations=28 (full 0):
 garbage-first heap   total 76800K, used 44609K [0x0000000080000000, 0x0000000100000000)
  region size 1024K, 3 young (3072K), 3 survivors (3072K)
 Metaspace       used 44101K, capacity 45245K, committed 45312K, reserved 1089536K
  class space    used 5682K, capacity 6090K, committed 6144K, reserved 1048576K
}
Event: 19.708 GC heap before
{Heap before GC invocations=29 (full 0):
 garbage-first heap   total 76800K, used 62017K [0x0000000080000000, 0x0000000100000000)
  region size 1024K, 18 young (18432K), 3 survivors (3072K)
 Metaspace       used 44671K, capacity 45899K, committed 45952K, reserved 1089536K
  class space    used 5759K, capacity 6220K, committed 6272K, reserved 1048576K
}
Event: 19.729 GC heap after
{Heap after GC invocations=30 (full 0):
 garbage-first heap   total 92160K, used 50820K [0x0000000080000000, 0x0000000100000000)
  region size 1024K, 3 young (3072K), 3 survivors (3072K)
 Metaspace       used 44671K, capacity 45899K, committed 45952K, reserved 1089536K
  class space    used 5759K, capacity 6220K, committed 6272K, reserved 1048576K
}
Event: 22.170 GC heap before
{Heap before GC invocations=31 (full 0):
 garbage-first heap   total 92160K, used 71300K [0x0000000080000000, 0x0000000100000000)
  region size 1024K, 22 young (22528K), 3 survivors (3072K)
 Metaspace       used 46308K, capacity 47500K, committed 47616K, reserved 1091584K
  class space    used 5877K, capacity 6326K, committed 6400K, reserved 1048576K
}
Event: 22.179 GC heap after
{Heap after GC invocations=32 (full 0):
 garbage-first heap   total 92160K, used 52079K [0x0000000080000000, 0x0000000100000000)
  region size 1024K, 2 young (2048K), 2 survivors (2048K)
 Metaspace       used 46308K, capacity 47500K, committed 47616K, reserved 1091584K
  class space    used 5877K, capacity 6326K, committed 6400K, reserved 1048576K
}

