# JRE version: OpenJDK Runtime Environment (11.0.12+7) (build 11.0.12+7-b1504.28-7817840)
# Java VM: OpenJDK 64-Bit Server VM (11.0.12+7-b1504.28-7817840, mixed mode, tiered, compressed oops, g1 gc, windows-amd64)
Heap:
 garbage-first heap   total 133120K, used 70698K [0x0000000080000000, 0x0000000100000000)
  region size 1024K, 2 young (2048K), 2 survivors (2048K)
 Metaspace       used 78602K, capacity 80339K, committed 80512K, reserved 1118208K
  class space    used 10216K, capacity 10865K, committed 10880K, reserved 1048576K
GC Heap History (20 events):
Event: 27.620 GC heap after
{Heap after GC invocations=39 (full 0):
 garbage-first heap   total 92160K, used 58824K [0x0000000080000000, 0x0000000100000000)
  region size 1024K, 2 young (2048K), 2 survivors (2048K)
 Metaspace       used 64739K, capacity 66184K, committed 66432K, reserved 1107968K
  class space    used 8224K, capacity 8788K, committed 8832K, reserved 1048576K
}
Event: 28.340 GC heap before
{Heap before GC invocations=40 (full 0):
 garbage-first heap   total 92160K, used 77256K [0x0000000080000000, 0x0000000100000000)
  region size 1024K, 19 young (19456K), 2 survivors (2048K)
 Metaspace       used 66374K, capacity 67891K, committed 68224K, reserved 1107968K
  class space    used 8440K, capacity 9010K, committed 9088K, reserved 1048576K
}
Event: 28.345 GC heap after
{Heap after GC invocations=41 (full 0):
 garbage-first heap   total 92160K, used 59116K [0x0000000080000000, 0x0000000100000000)
  region size 1024K, 2 young (2048K), 2 survivors (2048K)
 Metaspace       used 66374K, capacity 67891K, committed 68224K, reserved 1107968K
  class space    used 8440K, capacity 9010K, committed 9088K, reserved 1048576K
}
Event: 29.041 GC heap before
{Heap before GC invocations=41 (full 0):
 garbage-first heap   total 92160K, used 75500K [0x0000000080000000, 0x0000000100000000)
  region size 1024K, 18 young (18432K), 2 survivors (2048K)
 Metaspace       used 67787K, capacity 69303K, committed 69376K, reserved 1110016K
  class space    used 8607K, capacity 9177K, committed 9216K, reserved 1048576K
}
Event: 29.046 GC heap after
{Heap after GC invocations=42 (full 0):
 garbage-first heap   total 92160K, used 60228K [0x0000000080000000, 0x0000000100000000)
  region size 1024K, 3 young (3072K), 3 survivors (3072K)
 Metaspace       used 67787K, capacity 69303K, committed 69376K, reserved 1110016K
  class space    used 8607K, capacity 9177K, committed 9216K, reserved 1048576K
}
Event: 29.313 GC heap before
{Heap before GC invocations=43 (full 0):
 garbage-first heap   total 92160K, used 76612K [0x0000000080000000, 0x0000000100000000)
  region size 1024K, 19 young (19456K), 3 survivors (3072K)
 Metaspace       used 67914K, capacity 69405K, committed 69632K, reserved 1110016K
  class space    used 8635K, capacity 9211K, committed 9216K, reserved 1048576K
}
Event: 29.321 GC heap after
{Heap after GC invocations=44 (full 0):
 garbage-first heap   total 92160K, used 61819K [0x0000000080000000, 0x0000000100000000)
  region size 1024K, 3 young (3072K), 3 survivors (3072K)
 Metaspace       used 67914K, capacity 69405K, committed 69632K, reserved 1110016K
  class space    used 8635K, capacity 9211K, committed 9216K, reserved 1048576K
}
Event: 29.511 GC heap before
{Heap before GC invocations=44 (full 0):
 garbage-first heap   total 92160K, used 77179K [0x0000000080000000, 0x0000000100000000)
  region size 1024K, 19 young (19456K), 3 survivors (3072K)
 Metaspace       used 68126K, capacity 69695K, committed 70016K, reserved 1110016K
  class space    used 8647K, capacity 9245K, committed 9344K, reserved 1048576K
}
Event: 29.518 GC heap after
{Heap after GC invocations=45 (full 0):
 garbage-first heap   total 92160K, used 63225K [0x0000000080000000, 0x0000000100000000)
  region size 1024K, 3 young (3072K), 3 survivors (3072K)
 Metaspace       used 68126K, capacity 69695K, committed 70016K, reserved 1110016K
  class space    used 8647K, capacity 9245K, committed 9344K, reserved 1048576K
}
Event: 29.815 GC heap before
{Heap before GC invocations=46 (full 0):
 garbage-first heap   total 92160K, used 78585K [0x0000000080000000, 0x0000000100000000)
  region size 1024K, 18 young (18432K), 3 survivors (3072K)
 Metaspace       used 68742K, capacity 70344K, committed 70528K, reserved 1110016K
  class space    used 8715K, capacity 9312K, committed 9344K, reserved 1048576K
}
Event: 29.822 GC heap after
{Heap after GC invocations=47 (full 0):
 garbage-first heap   total 92160K, used 64006K [0x0000000080000000, 0x0000000100000000)
  region size 1024K, 3 young (3072K), 3 survivors (3072K)
 Metaspace       used 68742K, capacity 70344K, committed 70528K, reserved 1110016K
  class space    used 8715K, capacity 9312K, committed 9344K, reserved 1048576K
}
Event: 30.338 GC heap before
{Heap before GC invocations=47 (full 0):
 garbage-first heap   total 92160K, used 78342K [0x0000000080000000, 0x0000000100000000)
  region size 1024K, 17 young (17408K), 3 survivors (3072K)
 Metaspace       used 70363K, capacity 71944K, committed 72064K, reserved 1112064K
  class space    used 8986K, capacity 9568K, committed 9600K, reserved 1048576K
}
Event: 30.346 GC heap after
{Heap after GC invocations=48 (full 0):
 garbage-first heap   total 110592K, used 64827K [0x0000000080000000, 0x0000000100000000)
  region size 1024K, 2 young (2048K), 2 survivors (2048K)
 Metaspace       used 70363K, capacity 71944K, committed 72064K, reserved 1112064K
  class space    used 8986K, capacity 9568K, committed 9600K, reserved 1048576K
}
Event: 31.498 GC heap before
{Heap before GC invocations=49 (full 0):
 garbage-first heap   total 110592K, used 87355K [0x0000000080000000, 0x0000000100000000)
  region size 1024K, 24 young (24576K), 2 survivors (2048K)
 Metaspace       used 73211K, capacity 74745K, committed 74880K, reserved 1114112K
  class space    used 9483K, capacity 10070K, committed 10112K, reserved 1048576K
}
Event: 31.506 GC heap after
{Heap after GC invocations=50 (full 0):
 garbage-first heap   total 110592K, used 66061K [0x0000000080000000, 0x0000000100000000)
  region size 1024K, 3 young (3072K), 3 survivors (3072K)
 Metaspace       used 73211K, capacity 74745K, committed 74880K, reserved 1114112K
  class space    used 9483K, capacity 10070K, committed 10112K, reserved 1048576K
}
Event: 32.244 GC heap before
{Heap before GC invocations=50 (full 0):
 garbage-first heap   total 110592K, used 88589K [0x0000000080000000, 0x0000000100000000)
  region size 1024K, 25 young (25600K), 3 survivors (3072K)
 Metaspace       used 75164K, capacity 76804K, committed 76928K, reserved 1116160K
  class space    used 9750K, capacity 10367K, committed 10368K, reserved 1048576K
}
Event: 32.256 GC heap after
{Heap after GC invocations=51 (full 0):
 garbage-first heap   total 110592K, used 67428K [0x0000000080000000, 0x0000000100000000)
  region size 1024K, 3 young (3072K), 3 survivors (3072K)
 Metaspace       used 75164K, capacity 76804K, committed 76928K, reserved 1116160K
  class space    used 9750K, capacity 10367K, committed 10368K, reserved 1048576K
}
Event: 33.075 GC heap before
{Heap before GC invocations=52 (full 0):
 garbage-first heap   total 110592K, used 88932K [0x0000000080000000, 0x0000000100000000)
  region size 1024K, 24 young (24576K), 3 survivors (3072K)
 Metaspace       used 76885K, capacity 78497K, committed 78848K, reserved 1118208K
  class space    used 9999K, capacity 10641K, committed 10752K, reserved 1048576K
}
Event: 33.087 GC heap after
{Heap after GC invocations=53 (full 0):
 garbage-first heap   total 110592K, used 68903K [0x0000000080000000, 0x0000000100000000)
  region size 1024K, 3 young (3072K), 3 survivors (3072K)
 Metaspace       used 76885K, capacity 78497K, committed 78848K, reserved 1118208K
  class space    used 9999K, capacity 10641K, committed 10752K, reserved 1048576K
}
Event: 33.727 GC heap before
{Heap before GC invocations=53 (full 0):
 garbage-first heap   total 110592K, used 90407K [0x0000000080000000, 0x0000000100000000)
  region size 1024K, 24 young (24576K), 3 survivors (3072K)
 Metaspace       used 78602K, capacity 80339K, committed 80512K, reserved 1118208K
  class space    used 10216K, capacity 10865K, committed 10880K, reserved 1048576K
}

