# JRE version: OpenJDK Runtime Environment (11.0.12+7) (build 11.0.12+7-b1504.28-7817840)
# Java VM: OpenJDK 64-Bit Server VM (11.0.12+7-b1504.28-7817840, mixed mode, tiered, compressed oops, g1 gc, windows-amd64)
Heap:
 garbage-first heap   total 63488K, used 34622K [0x0000000080000000, 0x0000000100000000)
  region size 1024K, 19 young (19456K), 3 survivors (3072K)
 Metaspace       used 26977K, capacity 27553K, committed 27824K, reserved 1073152K
  class space    used 3519K, capacity 3732K, committed 3840K, reserved 1048576K
GC Heap History (18 events):
Event: 1.387 GC heap before
{Heap before GC invocations=0 (full 0):
 garbage-first heap   total 63488K, used 20480K [0x0000000080000000, 0x0000000100000000)
  region size 1024K, 14 young (14336K), 0 survivors (0K)
 Metaspace       used 6755K, capacity 6929K, committed 7168K, reserved 1056768K
  class space    used 582K, capacity 650K, committed 768K, reserved 1048576K
}
Event: 1.421 GC heap after
{Heap after GC invocations=1 (full 0):
 garbage-first heap   total 63488K, used 7870K [0x0000000080000000, 0x0000000100000000)
  region size 1024K, 2 young (2048K), 2 survivors (2048K)
 Metaspace       used 6755K, capacity 6929K, committed 7168K, reserved 1056768K
  class space    used 582K, capacity 650K, committed 768K, reserved 1048576K
}
Event: 3.422 GC heap before
{Heap before GC invocations=1 (full 0):
 garbage-first heap   total 63488K, used 24254K [0x0000000080000000, 0x0000000100000000)
  region size 1024K, 18 young (18432K), 2 survivors (2048K)
 Metaspace       used 10788K, capacity 11071K, committed 11264K, reserved 1058816K
  class space    used 1123K, capacity 1204K, committed 1280K, reserved 1048576K
}
Event: 3.429 GC heap after
{Heap after GC invocations=2 (full 0):
 garbage-first heap   total 63488K, used 9696K [0x0000000080000000, 0x0000000100000000)
  region size 1024K, 2 young (2048K), 2 survivors (2048K)
 Metaspace       used 10788K, capacity 11071K, committed 11264K, reserved 1058816K
  class space    used 1123K, capacity 1204K, committed 1280K, reserved 1048576K
}
Event: 4.213 GC heap before
{Heap before GC invocations=2 (full 0):
 garbage-first heap   total 63488K, used 29152K [0x0000000080000000, 0x0000000100000000)
  region size 1024K, 22 young (22528K), 2 survivors (2048K)
 Metaspace       used 11275K, capacity 11512K, committed 11776K, reserved 1060864K
  class space    used 1172K, capacity 1244K, committed 1280K, reserved 1048576K
}
Event: 4.217 GC heap after
{Heap after GC invocations=3 (full 0):
 garbage-first heap   total 63488K, used 10275K [0x0000000080000000, 0x0000000100000000)
  region size 1024K, 1 young (1024K), 1 survivors (1024K)
 Metaspace       used 11275K, capacity 11512K, committed 11776K, reserved 1060864K
  class space    used 1172K, capacity 1244K, committed 1280K, reserved 1048576K
}
Event: 4.782 GC heap before
{Heap before GC invocations=3 (full 0):
 garbage-first heap   total 63488K, used 33827K [0x0000000080000000, 0x0000000100000000)
  region size 1024K, 24 young (24576K), 1 survivors (1024K)
 Metaspace       used 11714K, capacity 12016K, committed 12160K, reserved 1060864K
  class space    used 1271K, capacity 1348K, committed 1408K, reserved 1048576K
}
Event: 4.789 GC heap after
{Heap after GC invocations=4 (full 0):
 garbage-first heap   total 63488K, used 14543K [0x0000000080000000, 0x0000000100000000)
  region size 1024K, 3 young (3072K), 3 survivors (3072K)
 Metaspace       used 11714K, capacity 12016K, committed 12160K, reserved 1060864K
  class space    used 1271K, capacity 1348K, committed 1408K, reserved 1048576K
}
Event: 8.498 GC heap before
{Heap before GC invocations=4 (full 0):
 garbage-first heap   total 63488K, used 37071K [0x0000000080000000, 0x0000000100000000)
  region size 1024K, 25 young (25600K), 3 survivors (3072K)
 Metaspace       used 17719K, capacity 18169K, committed 18432K, reserved 1064960K
  class space    used 2089K, capacity 2211K, committed 2304K, reserved 1048576K
}
Event: 8.505 GC heap after
{Heap after GC invocations=5 (full 0):
 garbage-first heap   total 63488K, used 16717K [0x0000000080000000, 0x0000000100000000)
  region size 1024K, 3 young (3072K), 3 survivors (3072K)
 Metaspace       used 17719K, capacity 18169K, committed 18432K, reserved 1064960K
  class space    used 2089K, capacity 2211K, committed 2304K, reserved 1048576K
}
Event: 9.073 GC heap before
{Heap before GC invocations=5 (full 0):
 garbage-first heap   total 63488K, used 38221K [0x0000000080000000, 0x0000000100000000)
  region size 1024K, 25 young (25600K), 3 survivors (3072K)
 Metaspace       used 19909K, capacity 20406K, committed 20608K, reserved 1067008K
  class space    used 2448K, capacity 2636K, committed 2688K, reserved 1048576K
}
Event: 9.079 GC heap after
{Heap after GC invocations=6 (full 0):
 garbage-first heap   total 63488K, used 17431K [0x0000000080000000, 0x0000000100000000)
  region size 1024K, 3 young (3072K), 3 survivors (3072K)
 Metaspace       used 19909K, capacity 20406K, committed 20608K, reserved 1067008K
  class space    used 2448K, capacity 2636K, committed 2688K, reserved 1048576K
}
Event: 9.224 GC heap before
{Heap before GC invocations=6 (full 0):
 garbage-first heap   total 63488K, used 21527K [0x0000000080000000, 0x0000000100000000)
  region size 1024K, 8 young (8192K), 3 survivors (3072K)
 Metaspace       used 20666K, capacity 21173K, committed 21296K, reserved 1069056K
  class space    used 2537K, capacity 2680K, committed 2688K, reserved 1048576K
}
Event: 9.231 GC heap after
{Heap after GC invocations=7 (full 0):
 garbage-first heap   total 63488K, used 17575K [0x0000000080000000, 0x0000000100000000)
  region size 1024K, 1 young (1024K), 1 survivors (1024K)
 Metaspace       used 20666K, capacity 21173K, committed 21296K, reserved 1069056K
  class space    used 2537K, capacity 2680K, committed 2688K, reserved 1048576K
}
Event: 9.670 GC heap before
{Heap before GC invocations=8 (full 0):
 garbage-first heap   total 63488K, used 39079K [0x0000000080000000, 0x0000000100000000)
  region size 1024K, 22 young (22528K), 1 survivors (1024K)
 Metaspace       used 22893K, capacity 23400K, committed 23472K, reserved 1069056K
  class space    used 2891K, capacity 3066K, committed 3072K, reserved 1048576K
}
Event: 9.673 GC heap after
{Heap after GC invocations=9 (full 0):
 garbage-first heap   total 63488K, used 18135K [0x0000000080000000, 0x0000000100000000)
  region size 1024K, 2 young (2048K), 2 survivors (2048K)
 Metaspace       used 22893K, capacity 23400K, committed 23472K, reserved 1069056K
  class space    used 2891K, capacity 3066K, committed 3072K, reserved 1048576K
}
Event: 10.159 GC heap before
{Heap before GC invocations=9 (full 0):
 garbage-first heap   total 63488K, used 39639K [0x0000000080000000, 0x0000000100000000)
  region size 1024K, 24 young (24576K), 2 survivors (2048K)
 Metaspace       used 25185K, capacity 25843K, committed 25904K, reserved 1071104K
  class space    used 3232K, capacity 3454K, committed 3456K, reserved 1048576K
}
Event: 10.166 GC heap after
{Heap after GC invocations=10 (full 0):
 garbage-first heap   total 63488K, used 19262K [0x0000000080000000, 0x0000000100000000)
  region size 1024K, 3 young (3072K), 3 survivors (3072K)
 Metaspace       used 25185K, capacity 25843K, committed 25904K, reserved 1071104K
  class space    used 3232K, capacity 3454K, committed 3456K, reserved 1048576K
}

