# JRE version: OpenJDK Runtime Environment (11.0.12+7) (build 11.0.12+7-b1504.28-7817840)
# Java VM: OpenJDK 64-Bit Server VM (11.0.12+7-b1504.28-7817840, mixed mode, tiered, compressed oops, g1 gc, windows-amd64)
Heap:
 garbage-first heap   total 161792K, used 102220K [0x0000000080000000, 0x0000000100000000)
  region size 1024K, 5 young (5120K), 4 survivors (4096K)
 Metaspace       used 84715K, capacity 87099K, committed 87424K, reserved 1124352K
  class space    used 10925K, capacity 11793K, committed 11904K, reserved 1048576K
GC Heap History (20 events):
Event: 133.349 GC heap before
{Heap before GC invocations=51 (full 0):
 garbage-first heap   total 134144K, used 101198K [0x0000000080000000, 0x0000000100000000)
  region size 1024K, 23 young (23552K), 1 survivors (1024K)
 Metaspace       used 55546K, capacity 57128K, committed 57216K, reserved 1099776K
  class space    used 7227K, capacity 7779K, committed 7808K, reserved 1048576K
}
Event: 133.383 GC heap after
{Heap after GC invocations=52 (full 0):
 garbage-first heap   total 161792K, used 78865K [0x0000000080000000, 0x0000000100000000)
  region size 1024K, 2 young (2048K), 2 survivors (2048K)
 Metaspace       used 55546K, capacity 57128K, committed 57216K, reserved 1099776K
  class space    used 7227K, capacity 7779K, committed 7808K, reserved 1048576K
}
Event: 458.594 GC heap before
{Heap before GC invocations=52 (full 0):
 garbage-first heap   total 161792K, used 111633K [0x0000000080000000, 0x0000000100000000)
  region size 1024K, 34 young (34816K), 2 survivors (2048K)
 Metaspace       used 56279K, capacity 57905K, committed 58112K, reserved 1099776K
  class space    used 7251K, capacity 7819K, committed 7936K, reserved 1048576K
}
Event: 458.608 GC heap after
{Heap after GC invocations=53 (full 0):
 garbage-first heap   total 161792K, used 81072K [0x0000000080000000, 0x0000000100000000)
  region size 1024K, 4 young (4096K), 4 survivors (4096K)
 Metaspace       used 56279K, capacity 57905K, committed 58112K, reserved 1099776K
  class space    used 7251K, capacity 7819K, committed 7936K, reserved 1048576K
}
Event: 459.865 GC heap before
{Heap before GC invocations=54 (full 0):
 garbage-first heap   total 161792K, used 119984K [0x0000000080000000, 0x0000000100000000)
  region size 1024K, 43 young (44032K), 4 survivors (4096K)
 Metaspace       used 61022K, capacity 62878K, committed 63104K, reserved 1103872K
  class space    used 7818K, capacity 8491K, committed 8576K, reserved 1048576K
}
Event: 459.879 GC heap after
{Heap after GC invocations=55 (full 0):
 garbage-first heap   total 161792K, used 83025K [0x0000000080000000, 0x0000000100000000)
  region size 1024K, 5 young (5120K), 5 survivors (5120K)
 Metaspace       used 61022K, capacity 62878K, committed 63104K, reserved 1103872K
  class space    used 7818K, capacity 8491K, committed 8576K, reserved 1048576K
}
Event: 461.071 GC heap before
{Heap before GC invocations=55 (full 0):
 garbage-first heap   total 161792K, used 123985K [0x0000000080000000, 0x0000000100000000)
  region size 1024K, 45 young (46080K), 5 survivors (5120K)
 Metaspace       used 66643K, capacity 68549K, committed 68608K, reserved 1107968K
  class space    used 8502K, capacity 9184K, committed 9216K, reserved 1048576K
}
Event: 461.101 GC heap after
{Heap after GC invocations=56 (full 0):
 garbage-first heap   total 161792K, used 84642K [0x0000000080000000, 0x0000000100000000)
  region size 1024K, 4 young (4096K), 4 survivors (4096K)
 Metaspace       used 66643K, capacity 68549K, committed 68608K, reserved 1107968K
  class space    used 8502K, capacity 9184K, committed 9216K, reserved 1048576K
}
Event: 462.445 GC heap before
{Heap before GC invocations=57 (full 0):
 garbage-first heap   total 161792K, used 125602K [0x0000000080000000, 0x0000000100000000)
  region size 1024K, 45 young (46080K), 4 survivors (4096K)
 Metaspace       used 71537K, capacity 73517K, committed 73600K, reserved 1114112K
  class space    used 9113K, capacity 9791K, committed 9856K, reserved 1048576K
}
Event: 462.465 GC heap after
{Heap after GC invocations=58 (full 0):
 garbage-first heap   total 161792K, used 88322K [0x0000000080000000, 0x0000000100000000)
  region size 1024K, 6 young (6144K), 6 survivors (6144K)
 Metaspace       used 71537K, capacity 73517K, committed 73600K, reserved 1114112K
  class space    used 9113K, capacity 9791K, committed 9856K, reserved 1048576K
}
Event: 463.009 GC heap before
{Heap before GC invocations=58 (full 0):
 garbage-first heap   total 161792K, used 114946K [0x0000000080000000, 0x0000000100000000)
  region size 1024K, 33 young (33792K), 6 survivors (6144K)
 Metaspace       used 73568K, capacity 75527K, committed 75648K, reserved 1114112K
  class space    used 9385K, capacity 10096K, committed 10112K, reserved 1048576K
}
Event: 463.039 GC heap after
{Heap after GC invocations=59 (full 0):
 garbage-first heap   total 161792K, used 89973K [0x0000000080000000, 0x0000000100000000)
  region size 1024K, 2 young (2048K), 2 survivors (2048K)
 Metaspace       used 73568K, capacity 75527K, committed 75648K, reserved 1114112K
  class space    used 9385K, capacity 10096K, committed 10112K, reserved 1048576K
}
Event: 464.550 GC heap before
{Heap before GC invocations=60 (full 0):
 garbage-first heap   total 161792K, used 131957K [0x0000000080000000, 0x0000000100000000)
  region size 1024K, 42 young (43008K), 2 survivors (2048K)
 Metaspace       used 76877K, capacity 79068K, committed 79232K, reserved 1118208K
  class space    used 9796K, capacity 10584K, committed 10624K, reserved 1048576K
}
Event: 464.558 GC heap after
{Heap after GC invocations=61 (full 0):
 garbage-first heap   total 161792K, used 91545K [0x0000000080000000, 0x0000000100000000)
  region size 1024K, 4 young (4096K), 4 survivors (4096K)
 Metaspace       used 76877K, capacity 79068K, committed 79232K, reserved 1118208K
  class space    used 9796K, capacity 10584K, committed 10624K, reserved 1048576K
}
Event: 465.776 GC heap before
{Heap before GC invocations=61 (full 0):
 garbage-first heap   total 161792K, used 132505K [0x0000000080000000, 0x0000000100000000)
  region size 1024K, 44 young (45056K), 4 survivors (4096K)
 Metaspace       used 77643K, capacity 79844K, committed 80128K, reserved 1118208K
  class space    used 9877K, capacity 10692K, committed 10752K, reserved 1048576K
}
Event: 465.819 GC heap after
{Heap after GC invocations=62 (full 0):
 garbage-first heap   total 161792K, used 94873K [0x0000000080000000, 0x0000000100000000)
  region size 1024K, 6 young (6144K), 6 survivors (6144K)
 Metaspace       used 77643K, capacity 79844K, committed 80128K, reserved 1118208K
  class space    used 9877K, capacity 10692K, committed 10752K, reserved 1048576K
}
Event: 560.359 GC heap before
{Heap before GC invocations=63 (full 0):
 garbage-first heap   total 161792K, used 132761K [0x0000000080000000, 0x0000000100000000)
  region size 1024K, 43 young (44032K), 6 survivors (6144K)
 Metaspace       used 78277K, capacity 80564K, committed 80640K, reserved 1120256K
  class space    used 9904K, capacity 10732K, committed 10752K, reserved 1048576K
}
Event: 560.409 GC heap after
{Heap after GC invocations=64 (full 0):
 garbage-first heap   total 161792K, used 98530K [0x0000000080000000, 0x0000000100000000)
  region size 1024K, 4 young (4096K), 4 survivors (4096K)
 Metaspace       used 78277K, capacity 80564K, committed 80640K, reserved 1120256K
  class space    used 9904K, capacity 10732K, committed 10752K, reserved 1048576K
}
Event: 561.521 GC heap before
{Heap before GC invocations=64 (full 0):
 garbage-first heap   total 161792K, used 134370K [0x0000000080000000, 0x0000000100000000)
  region size 1024K, 39 young (39936K), 4 survivors (4096K)
 Metaspace       used 81030K, capacity 83455K, committed 83712K, reserved 1122304K
  class space    used 10340K, capacity 11205K, committed 11264K, reserved 1048576K
}
Event: 561.587 GC heap after
{Heap after GC invocations=65 (full 0):
 garbage-first heap   total 161792K, used 100230K [0x0000000080000000, 0x0000000100000000)
  region size 1024K, 2 young (2048K), 2 survivors (2048K)
 Metaspace       used 81030K, capacity 83455K, committed 83712K, reserved 1122304K
  class space    used 10340K, capacity 11205K, committed 11264K, reserved 1048576K
}

