# JRE version: OpenJDK Runtime Environment (11.0.12+7) (build 11.0.12+7-b1504.28-7817840)
# Java VM: OpenJDK 64-Bit Server VM (11.0.12+7-b1504.28-7817840, mixed mode, tiered, compressed oops, g1 gc, windows-amd64)
Heap:
 garbage-first heap   total 139264K, used 83598K [0x0000000080000000, 0x0000000100000000)
  region size 1024K, 7 young (7168K), 3 survivors (3072K)
 Metaspace       used 62215K, capacity 63932K, committed 64000K, reserved 1103872K
  class space    used 8080K, capacity 8695K, committed 8704K, reserved 1048576K
GC Heap History (20 events):
Event: 12.221 GC heap before
{Heap before GC invocations=36 (full 0):
 garbage-first heap   total 92160K, used 52270K [0x0000000080000000, 0x0000000100000000)
  region size 1024K, 4 young (4096K), 3 survivors (3072K)
 Metaspace       used 47684K, capacity 48929K, committed 49152K, reserved 1091584K
  class space    used 6116K, capacity 6587K, committed 6656K, reserved 1048576K
}
Event: 12.226 GC heap after
{Heap after GC invocations=37 (full 0):
 garbage-first heap   total 92160K, used 52437K [0x0000000080000000, 0x0000000100000000)
  region size 1024K, 2 young (2048K), 2 survivors (2048K)
 Metaspace       used 47684K, capacity 48929K, committed 49152K, reserved 1091584K
  class space    used 6116K, capacity 6587K, committed 6656K, reserved 1048576K
}
Event: 12.824 GC heap before
{Heap before GC invocations=38 (full 0):
 garbage-first heap   total 92160K, used 75989K [0x0000000080000000, 0x0000000100000000)
  region size 1024K, 21 young (21504K), 2 survivors (2048K)
 Metaspace       used 49081K, capacity 50459K, committed 50688K, reserved 1093632K
  class space    used 6355K, capacity 6862K, committed 6912K, reserved 1048576K
}
Event: 12.831 GC heap after
{Heap after GC invocations=39 (full 0):
 garbage-first heap   total 92160K, used 57960K [0x0000000080000000, 0x0000000100000000)
  region size 1024K, 3 young (3072K), 3 survivors (3072K)
 Metaspace       used 49081K, capacity 50459K, committed 50688K, reserved 1093632K
  class space    used 6355K, capacity 6862K, committed 6912K, reserved 1048576K
}
Event: 13.151 GC heap before
{Heap before GC invocations=39 (full 0):
 garbage-first heap   total 92160K, used 75368K [0x0000000080000000, 0x0000000100000000)
  region size 1024K, 20 young (20480K), 3 survivors (3072K)
 Metaspace       used 50296K, capacity 51713K, committed 51840K, reserved 1093632K
  class space    used 6530K, capacity 7023K, committed 7040K, reserved 1048576K
}
Event: 13.163 GC heap after
{Heap after GC invocations=40 (full 0):
 garbage-first heap   total 110592K, used 58605K [0x0000000080000000, 0x0000000100000000)
  region size 1024K, 3 young (3072K), 3 survivors (3072K)
 Metaspace       used 50296K, capacity 51713K, committed 51840K, reserved 1093632K
  class space    used 6530K, capacity 7023K, committed 7040K, reserved 1048576K
}
Event: 13.933 GC heap before
{Heap before GC invocations=41 (full 0):
 garbage-first heap   total 110592K, used 82157K [0x0000000080000000, 0x0000000100000000)
  region size 1024K, 26 young (26624K), 3 survivors (3072K)
 Metaspace       used 51231K, capacity 52723K, committed 52992K, reserved 1095680K
  class space    used 6619K, capacity 7141K, committed 7168K, reserved 1048576K
}
Event: 13.940 GC heap after
{Heap after GC invocations=42 (full 0):
 garbage-first heap   total 110592K, used 59999K [0x0000000080000000, 0x0000000100000000)
  region size 1024K, 4 young (4096K), 4 survivors (4096K)
 Metaspace       used 51231K, capacity 52723K, committed 52992K, reserved 1095680K
  class space    used 6619K, capacity 7141K, committed 7168K, reserved 1048576K
}
Event: 14.226 GC heap before
{Heap before GC invocations=42 (full 0):
 garbage-first heap   total 110592K, used 73311K [0x0000000080000000, 0x0000000100000000)
  region size 1024K, 19 young (19456K), 4 survivors (4096K)
 Metaspace       used 51605K, capacity 53120K, committed 53376K, reserved 1095680K
  class space    used 6655K, capacity 7182K, committed 7296K, reserved 1048576K
}
Event: 14.237 GC heap after
{Heap after GC invocations=43 (full 0):
 garbage-first heap   total 110592K, used 61298K [0x0000000080000000, 0x0000000100000000)
  region size 1024K, 4 young (4096K), 4 survivors (4096K)
 Metaspace       used 51605K, capacity 53120K, committed 53376K, reserved 1095680K
  class space    used 6655K, capacity 7182K, committed 7296K, reserved 1048576K
}
Event: 14.434 GC heap before
{Heap before GC invocations=44 (full 0):
 garbage-first heap   total 110592K, used 67442K [0x0000000080000000, 0x0000000100000000)
  region size 1024K, 9 young (9216K), 4 survivors (4096K)
 Metaspace       used 51613K, capacity 53120K, committed 53376K, reserved 1095680K
  class space    used 6655K, capacity 7182K, committed 7296K, reserved 1048576K
}
Event: 14.442 GC heap after
{Heap after GC invocations=45 (full 0):
 garbage-first heap   total 110592K, used 67664K [0x0000000080000000, 0x0000000100000000)
  region size 1024K, 4 young (4096K), 4 survivors (4096K)
 Metaspace       used 51613K, capacity 53120K, committed 53376K, reserved 1095680K
  class space    used 6655K, capacity 7182K, committed 7296K, reserved 1048576K
}
Event: 15.045 GC heap before
{Heap before GC invocations=46 (full 0):
 garbage-first heap   total 110592K, used 92240K [0x0000000080000000, 0x0000000100000000)
  region size 1024K, 23 young (23552K), 4 survivors (4096K)
 Metaspace       used 53755K, capacity 55241K, committed 55424K, reserved 1097728K
  class space    used 7009K, capacity 7527K, committed 7552K, reserved 1048576K
}
Event: 15.052 GC heap after
{Heap after GC invocations=47 (full 0):
 garbage-first heap   total 139264K, used 76505K [0x0000000080000000, 0x0000000100000000)
  region size 1024K, 3 young (3072K), 3 survivors (3072K)
 Metaspace       used 53755K, capacity 55241K, committed 55424K, reserved 1097728K
  class space    used 7009K, capacity 7527K, committed 7552K, reserved 1048576K
}
Event: 15.462 GC heap before
{Heap before GC invocations=47 (full 0):
 garbage-first heap   total 139264K, used 103129K [0x0000000080000000, 0x0000000100000000)
  region size 1024K, 29 young (29696K), 3 survivors (3072K)
 Metaspace       used 54810K, capacity 56283K, committed 56448K, reserved 1097728K
  class space    used 7164K, capacity 7704K, committed 7808K, reserved 1048576K
}
Event: 15.476 GC heap after
{Heap after GC invocations=48 (full 0):
 garbage-first heap   total 139264K, used 78003K [0x0000000080000000, 0x0000000100000000)
  region size 1024K, 2 young (2048K), 2 survivors (2048K)
 Metaspace       used 54810K, capacity 56283K, committed 56448K, reserved 1097728K
  class space    used 7164K, capacity 7704K, committed 7808K, reserved 1048576K
}
Event: 16.353 GC heap before
{Heap before GC invocations=49 (full 0):
 garbage-first heap   total 139264K, used 103603K [0x0000000080000000, 0x0000000100000000)
  region size 1024K, 28 young (28672K), 2 survivors (2048K)
 Metaspace       used 58286K, capacity 59873K, committed 60160K, reserved 1101824K
  class space    used 7567K, capacity 8151K, committed 8192K, reserved 1048576K
}
Event: 16.360 GC heap after
{Heap after GC invocations=50 (full 0):
 garbage-first heap   total 139264K, used 79493K [0x0000000080000000, 0x0000000100000000)
  region size 1024K, 3 young (3072K), 3 survivors (3072K)
 Metaspace       used 58286K, capacity 59873K, committed 60160K, reserved 1101824K
  class space    used 7567K, capacity 8151K, committed 8192K, reserved 1048576K
}
Event: 17.236 GC heap before
{Heap before GC invocations=50 (full 0):
 garbage-first heap   total 139264K, used 106117K [0x0000000080000000, 0x0000000100000000)
  region size 1024K, 30 young (30720K), 3 survivors (3072K)
 Metaspace       used 61860K, capacity 63539K, committed 63744K, reserved 1103872K
  class space    used 8018K, capacity 8649K, committed 8704K, reserved 1048576K
}
Event: 17.244 GC heap after
{Heap after GC invocations=51 (full 0):
 garbage-first heap   total 139264K, used 80526K [0x0000000080000000, 0x0000000100000000)
  region size 1024K, 3 young (3072K), 3 survivors (3072K)
 Metaspace       used 61860K, capacity 63539K, committed 63744K, reserved 1103872K
  class space    used 8018K, capacity 8649K, committed 8704K, reserved 1048576K
}

