# JRE version: OpenJDK Runtime Environment (11.0.12+7) (build 11.0.12+7-b1504.28-7817840)
# Java VM: OpenJDK 64-Bit Server VM (11.0.12+7-b1504.28-7817840, mixed mode, tiered, compressed oops, g1 gc, windows-amd64)
Heap:
 garbage-first heap   total 210944K, used 156464K [0x0000000080000000, 0x0000000100000000)
  region size 1024K, 49 young (50176K), 8 survivors (8192K)
 Metaspace       used 92386K, capacity 94513K, committed 94592K, reserved 1130496K
  class space    used 12036K, capacity 12856K, committed 12928K, reserved 1048576K
GC Heap History (20 events):
Event: 19.477 GC heap before
{Heap before GC invocations=34 (full 0):
 garbage-first heap   total 110592K, used 88605K [0x0000000080000000, 0x0000000100000000)
  region size 1024K, 32 young (32768K), 4 survivors (4096K)
 Metaspace       used 54734K, capacity 56239K, committed 56448K, reserved 1097728K
  class space    used 7167K, capacity 7682K, committed 7808K, reserved 1048576K
}
Event: 19.552 GC heap after
{Heap after GC invocations=35 (full 0):
 garbage-first heap   total 110592K, used 62412K [0x0000000080000000, 0x0000000100000000)
  region size 1024K, 4 young (4096K), 4 survivors (4096K)
 Metaspace       used 54734K, capacity 56239K, committed 56448K, reserved 1097728K
  class space    used 7167K, capacity 7682K, committed 7808K, reserved 1048576K
}
Event: 22.688 GC heap before
{Heap before GC invocations=35 (full 0):
 garbage-first heap   total 110592K, used 89036K [0x0000000080000000, 0x0000000100000000)
  region size 1024K, 30 young (30720K), 4 survivors (4096K)
 Metaspace       used 56296K, capacity 57832K, committed 58112K, reserved 1099776K
  class space    used 7329K, capacity 7865K, committed 7936K, reserved 1048576K
}
Event: 22.717 GC heap after
{Heap after GC invocations=36 (full 0):
 garbage-first heap   total 158720K, used 63303K [0x0000000080000000, 0x0000000100000000)
  region size 1024K, 4 young (4096K), 4 survivors (4096K)
 Metaspace       used 56296K, capacity 57832K, committed 58112K, reserved 1099776K
  class space    used 7329K, capacity 7865K, committed 7936K, reserved 1048576K
}
Event: 31.406 GC heap before
{Heap before GC invocations=37 (full 0):
 garbage-first heap   total 158720K, used 120647K [0x0000000080000000, 0x0000000100000000)
  region size 1024K, 53 young (54272K), 4 survivors (4096K)
 Metaspace       used 57105K, capacity 58699K, committed 59008K, reserved 1099776K
  class space    used 7401K, capacity 7951K, committed 8064K, reserved 1048576K
}
Event: 31.516 GC heap after
{Heap after GC invocations=38 (full 0):
 garbage-first heap   total 158720K, used 80010K [0x0000000080000000, 0x0000000100000000)
  region size 1024K, 7 young (7168K), 7 survivors (7168K)
 Metaspace       used 57105K, capacity 58699K, committed 59008K, reserved 1099776K
  class space    used 7401K, capacity 7951K, committed 8064K, reserved 1048576K
}
Event: 33.783 GC heap before
{Heap before GC invocations=38 (full 0):
 garbage-first heap   total 158720K, used 123018K [0x0000000080000000, 0x0000000100000000)
  region size 1024K, 49 young (50176K), 7 survivors (7168K)
 Metaspace       used 62521K, capacity 64245K, committed 64512K, reserved 1105920K
  class space    used 8117K, capacity 8691K, committed 8704K, reserved 1048576K
}
Event: 33.875 GC heap after
{Heap after GC invocations=39 (full 0):
 garbage-first heap   total 158720K, used 81586K [0x0000000080000000, 0x0000000100000000)
  region size 1024K, 2 young (2048K), 2 survivors (2048K)
 Metaspace       used 62521K, capacity 64245K, committed 64512K, reserved 1105920K
  class space    used 8117K, capacity 8691K, committed 8704K, reserved 1048576K
}
Event: 36.010 GC heap before
{Heap before GC invocations=40 (full 0):
 garbage-first heap   total 158720K, used 123570K [0x0000000080000000, 0x0000000100000000)
  region size 1024K, 44 young (45056K), 2 survivors (2048K)
 Metaspace       used 68334K, capacity 70097K, committed 70144K, reserved 1110016K
  class space    used 8798K, capacity 9445K, committed 9472K, reserved 1048576K
}
Event: 36.067 GC heap after
{Heap after GC invocations=41 (full 0):
 garbage-first heap   total 158720K, used 87040K [0x0000000080000000, 0x0000000100000000)
  region size 1024K, 6 young (6144K), 6 survivors (6144K)
 Metaspace       used 68334K, capacity 70097K, committed 70144K, reserved 1110016K
  class space    used 8798K, capacity 9445K, committed 9472K, reserved 1048576K
}
Event: 37.308 GC heap before
{Heap before GC invocations=41 (full 0):
 garbage-first heap   total 158720K, used 128000K [0x0000000080000000, 0x0000000100000000)
  region size 1024K, 46 young (47104K), 6 survivors (6144K)
 Metaspace       used 71823K, capacity 73655K, committed 73984K, reserved 1114112K
  class space    used 9250K, capacity 9879K, committed 9984K, reserved 1048576K
}
Event: 37.342 GC heap after
{Heap after GC invocations=42 (full 0):
 garbage-first heap   total 210944K, used 87911K [0x0000000080000000, 0x0000000100000000)
  region size 1024K, 3 young (3072K), 3 survivors (3072K)
 Metaspace       used 71823K, capacity 73655K, committed 73984K, reserved 1114112K
  class space    used 9250K, capacity 9879K, committed 9984K, reserved 1048576K
}
Event: 40.416 GC heap before
{Heap before GC invocations=43 (full 0):
 garbage-first heap   total 210944K, used 152423K [0x0000000080000000, 0x0000000100000000)
  region size 1024K, 65 young (66560K), 3 survivors (3072K)
 Metaspace       used 75438K, capacity 77408K, committed 77568K, reserved 1116160K
  class space    used 9698K, capacity 10375K, committed 10496K, reserved 1048576K
}
Event: 40.498 GC heap after
{Heap after GC invocations=44 (full 0):
 garbage-first heap   total 210944K, used 91711K [0x0000000080000000, 0x0000000100000000)
  region size 1024K, 7 young (7168K), 7 survivors (7168K)
 Metaspace       used 75438K, capacity 77408K, committed 77568K, reserved 1116160K
  class space    used 9698K, capacity 10375K, committed 10496K, reserved 1048576K
}
Event: 42.944 GC heap before
{Heap before GC invocations=44 (full 0):
 garbage-first heap   total 210944K, used 158271K [0x0000000080000000, 0x0000000100000000)
  region size 1024K, 72 young (73728K), 7 survivors (7168K)
 Metaspace       used 81650K, capacity 83674K, committed 83840K, reserved 1122304K
  class space    used 10663K, capacity 11365K, committed 11392K, reserved 1048576K
}
Event: 43.061 GC heap after
{Heap after GC invocations=45 (full 0):
 garbage-first heap   total 210944K, used 96179K [0x0000000080000000, 0x0000000100000000)
  region size 1024K, 9 young (9216K), 9 survivors (9216K)
 Metaspace       used 81650K, capacity 83674K, committed 83840K, reserved 1122304K
  class space    used 10663K, capacity 11365K, committed 11392K, reserved 1048576K
}
Event: 45.454 GC heap before
{Heap before GC invocations=45 (full 0):
 garbage-first heap   total 210944K, used 117683K [0x0000000080000000, 0x0000000100000000)
  region size 1024K, 25 young (25600K), 9 survivors (9216K)
 Metaspace       used 83280K, capacity 85359K, committed 85504K, reserved 1122304K
  class space    used 10875K, capacity 11668K, committed 11776K, reserved 1048576K
}
Event: 45.558 GC heap after
{Heap after GC invocations=46 (full 0):
 garbage-first heap   total 210944K, used 104528K [0x0000000080000000, 0x0000000100000000)
  region size 1024K, 7 young (7168K), 7 survivors (7168K)
 Metaspace       used 83280K, capacity 85359K, committed 85504K, reserved 1122304K
  class space    used 10875K, capacity 11668K, committed 11776K, reserved 1048576K
}
Event: 49.455 GC heap before
{Heap before GC invocations=47 (full 0):
 garbage-first heap   total 210944K, used 163920K [0x0000000080000000, 0x0000000100000000)
  region size 1024K, 63 young (64512K), 7 survivors (7168K)
 Metaspace       used 86687K, capacity 88945K, committed 89088K, reserved 1126400K
  class space    used 11325K, capacity 12164K, committed 12288K, reserved 1048576K
}
Event: 49.604 GC heap after
{Heap after GC invocations=48 (full 0):
 garbage-first heap   total 210944K, used 114480K [0x0000000080000000, 0x0000000100000000)
  region size 1024K, 8 young (8192K), 8 survivors (8192K)
 Metaspace       used 86687K, capacity 88945K, committed 89088K, reserved 1126400K
  class space    used 11325K, capacity 12164K, committed 12288K, reserved 1048576K
}

